2025-05-11 22:52:22 [background-preinit] INFO  o.h.validator.internal.util.Version - HV000001: Hibernate Validator 8.0.1.Final
2025-05-11 22:52:22 [main] INFO  c.e.r.RestserviceApplication - Starting RestserviceApplication using Java 23.0.2 with PID 22479 (/Users/nikitaorekhva/IdeaProjects/WebMagazine2/target/classes started by nikitaorekhva in /Users/nikitaorekhva/IdeaProjects/WebMagazine2)
2025-05-11 22:52:22 [main] INFO  c.e.r.RestserviceApplication - No active profile set, falling back to 1 default profile: "default"
2025-05-11 22:52:22 [main] INFO  o.s.d.r.c.RepositoryConfigurationDelegate - Bootstrapping Spring Data JPA repositories in DEFAULT mode.
2025-05-11 22:52:22 [main] INFO  o.s.d.r.c.RepositoryConfigurationDelegate - Finished Spring Data repository scanning in 16 ms. Found 2 JPA repository interfaces.
2025-05-11 22:52:22 [main] INFO  o.s.b.w.e.tomcat.TomcatWebServer - Tomcat initialized with port 8080 (http)
2025-05-11 22:52:22 [main] INFO  o.a.coyote.http11.Http11NioProtocol - Initializing ProtocolHandler ["http-nio-8080"]
2025-05-11 22:52:22 [main] INFO  o.a.catalina.core.StandardService - Starting service [Tomcat]
2025-05-11 22:52:22 [main] INFO  o.a.catalina.core.StandardEngine - Starting Servlet engine: [Apache Tomcat/10.1.36]
2025-05-11 22:52:22 [main] INFO  o.a.c.c.C.[Tomcat].[localhost].[/] - Initializing Spring embedded WebApplicationContext
2025-05-11 22:52:22 [main] INFO  o.s.b.w.s.c.ServletWebServerApplicationContext - Root WebApplicationContext: initialization completed in 619 ms
2025-05-11 22:52:22 [main] INFO  o.h.jpa.internal.util.LogHelper - HHH000204: Processing PersistenceUnitInfo [name: default]
2025-05-11 22:52:22 [main] INFO  org.hibernate.Version - HHH000412: Hibernate ORM core version 6.6.8.Final
2025-05-11 22:52:22 [main] INFO  o.h.c.i.RegionFactoryInitiator - HHH000026: Second-level cache disabled
2025-05-11 22:52:23 [main] INFO  o.s.o.j.p.SpringPersistenceUnitInfo - No LoadTimeWeaver setup: ignoring JPA class transformer
2025-05-11 22:52:23 [main] INFO  com.zaxxer.hikari.HikariDataSource - HikariPool-1 - Starting...
2025-05-11 22:52:23 [main] INFO  com.zaxxer.hikari.pool.HikariPool - HikariPool-1 - Added connection org.postgresql.jdbc.PgConnection@2558f65c
2025-05-11 22:52:23 [main] INFO  com.zaxxer.hikari.HikariDataSource - HikariPool-1 - Start completed.
2025-05-11 22:52:23 [main] WARN  org.hibernate.orm.deprecation - HHH90000025: PostgreSQLDialect does not need to be specified explicitly using 'hibernate.dialect' (remove the property setting and it will be selected by default)
2025-05-11 22:52:23 [main] INFO  o.hibernate.orm.connections.pooling - HHH10001005: Database info:
	Database JDBC URL [Connecting through datasource 'HikariDataSource (HikariPool-1)']
	Database driver: undefined/unknown
	Database version: 14.17
	Autocommit mode: undefined/unknown
	Isolation level: undefined/unknown
	Minimum pool size: undefined/unknown
	Maximum pool size: undefined/unknown
2025-05-11 22:52:23 [main] INFO  o.h.e.t.j.p.i.JtaPlatformInitiator - HHH000489: No JTA platform available (set 'hibernate.transaction.jta.platform' to enable JTA platform integration)
2025-05-11 22:52:23 [main] INFO  o.s.o.j.LocalContainerEntityManagerFactoryBean - Initialized JPA EntityManagerFactory for persistence unit 'default'
2025-05-11 22:52:23 [main] INFO  o.s.d.j.r.query.QueryEnhancerFactory - Hibernate is in classpath; If applicable, HQL parser will be used.
2025-05-11 22:52:24 [main] WARN  o.s.b.a.o.j.JpaBaseConfiguration$JpaWebConfiguration - spring.jpa.open-in-view is enabled by default. Therefore, database queries may be performed during view rendering. Explicitly configure spring.jpa.open-in-view to disable this warning
2025-05-11 22:52:24 [main] INFO  o.a.coyote.http11.Http11NioProtocol - Starting ProtocolHandler ["http-nio-8080"]
2025-05-11 22:52:24 [main] INFO  o.s.b.w.e.tomcat.TomcatWebServer - Tomcat started on port 8080 (http) with context path '/'
2025-05-11 22:52:24 [main] INFO  c.e.r.RestserviceApplication - Started RestserviceApplication in 2.49 seconds (process running for 2.629)
2025-05-11 22:52:24 [scheduling-1] INFO  c.e.restservice.cache.OrderCache - 🧹 Cleared entire order cache
2025-05-11 22:52:24 [scheduling-1] INFO  c.e.restservice.cache.OrderCache - 🕒 Автоматически очищен кэш заказов по расписанию
2025-05-11 22:57:22 [SpringApplicationShutdownHook] INFO  o.s.b.w.e.tomcat.GracefulShutdown - Commencing graceful shutdown. Waiting for active requests to complete
2025-05-11 22:57:22 [tomcat-shutdown] INFO  o.s.b.w.e.tomcat.GracefulShutdown - Graceful shutdown complete
2025-05-11 22:57:22 [SpringApplicationShutdownHook] INFO  o.s.o.j.LocalContainerEntityManagerFactoryBean - Closing JPA EntityManagerFactory for persistence unit 'default'
2025-05-11 22:57:22 [SpringApplicationShutdownHook] INFO  com.zaxxer.hikari.HikariDataSource - HikariPool-1 - Shutdown initiated...
2025-05-11 22:57:22 [SpringApplicationShutdownHook] INFO  com.zaxxer.hikari.HikariDataSource - HikariPool-1 - Shutdown completed.
2025-05-11 22:57:26 [background-preinit] INFO  o.h.validator.internal.util.Version - HV000001: Hibernate Validator 8.0.1.Final
2025-05-11 22:57:26 [main] INFO  c.e.r.RestserviceApplication - Starting RestserviceApplication using Java 23.0.2 with PID 22746 (/Users/nikitaorekhva/IdeaProjects/WebMagazine2/target/classes started by nikitaorekhva in /Users/nikitaorekhva/IdeaProjects/WebMagazine2)
2025-05-11 22:57:26 [main] INFO  c.e.r.RestserviceApplication - No active profile set, falling back to 1 default profile: "default"
2025-05-11 22:57:26 [main] INFO  o.s.d.r.c.RepositoryConfigurationDelegate - Bootstrapping Spring Data JPA repositories in DEFAULT mode.
2025-05-11 22:57:26 [main] INFO  o.s.d.r.c.RepositoryConfigurationDelegate - Finished Spring Data repository scanning in 17 ms. Found 2 JPA repository interfaces.
2025-05-11 22:57:27 [main] INFO  o.s.b.w.e.tomcat.TomcatWebServer - Tomcat initialized with port 8080 (http)
2025-05-11 22:57:27 [main] INFO  o.a.coyote.http11.Http11NioProtocol - Initializing ProtocolHandler ["http-nio-8080"]
2025-05-11 22:57:27 [main] INFO  o.a.catalina.core.StandardService - Starting service [Tomcat]
2025-05-11 22:57:27 [main] INFO  o.a.catalina.core.StandardEngine - Starting Servlet engine: [Apache Tomcat/10.1.36]
2025-05-11 22:57:27 [main] INFO  o.a.c.c.C.[Tomcat].[localhost].[/] - Initializing Spring embedded WebApplicationContext
2025-05-11 22:57:27 [main] INFO  o.s.b.w.s.c.ServletWebServerApplicationContext - Root WebApplicationContext: initialization completed in 586 ms
2025-05-11 22:57:27 [main] INFO  o.h.jpa.internal.util.LogHelper - HHH000204: Processing PersistenceUnitInfo [name: default]
2025-05-11 22:57:27 [main] INFO  org.hibernate.Version - HHH000412: Hibernate ORM core version 6.6.8.Final
2025-05-11 22:57:27 [main] INFO  o.h.c.i.RegionFactoryInitiator - HHH000026: Second-level cache disabled
2025-05-11 22:57:27 [main] INFO  o.s.o.j.p.SpringPersistenceUnitInfo - No LoadTimeWeaver setup: ignoring JPA class transformer
2025-05-11 22:57:27 [main] INFO  com.zaxxer.hikari.HikariDataSource - HikariPool-1 - Starting...
2025-05-11 22:57:27 [main] INFO  com.zaxxer.hikari.pool.HikariPool - HikariPool-1 - Added connection org.postgresql.jdbc.PgConnection@4a4ff5ed
2025-05-11 22:57:27 [main] INFO  com.zaxxer.hikari.HikariDataSource - HikariPool-1 - Start completed.
2025-05-11 22:57:27 [main] WARN  org.hibernate.orm.deprecation - HHH90000025: PostgreSQLDialect does not need to be specified explicitly using 'hibernate.dialect' (remove the property setting and it will be selected by default)
2025-05-11 22:57:27 [main] INFO  o.hibernate.orm.connections.pooling - HHH10001005: Database info:
	Database JDBC URL [Connecting through datasource 'HikariDataSource (HikariPool-1)']
	Database driver: undefined/unknown
	Database version: 14.17
	Autocommit mode: undefined/unknown
	Isolation level: undefined/unknown
	Minimum pool size: undefined/unknown
	Maximum pool size: undefined/unknown
2025-05-11 22:57:27 [main] INFO  o.h.e.t.j.p.i.JtaPlatformInitiator - HHH000489: No JTA platform available (set 'hibernate.transaction.jta.platform' to enable JTA platform integration)
2025-05-11 22:57:27 [main] INFO  o.s.o.j.LocalContainerEntityManagerFactoryBean - Initialized JPA EntityManagerFactory for persistence unit 'default'
2025-05-11 22:57:27 [main] INFO  o.s.d.j.r.query.QueryEnhancerFactory - Hibernate is in classpath; If applicable, HQL parser will be used.
2025-05-11 22:57:28 [main] WARN  o.s.b.a.o.j.JpaBaseConfiguration$JpaWebConfiguration - spring.jpa.open-in-view is enabled by default. Therefore, database queries may be performed during view rendering. Explicitly configure spring.jpa.open-in-view to disable this warning
2025-05-11 22:57:28 [main] INFO  o.a.coyote.http11.Http11NioProtocol - Starting ProtocolHandler ["http-nio-8080"]
2025-05-11 22:57:28 [main] INFO  o.s.b.w.e.tomcat.TomcatWebServer - Tomcat started on port 8080 (http) with context path '/'
2025-05-11 22:57:28 [main] INFO  c.e.r.RestserviceApplication - Started RestserviceApplication in 2.367 seconds (process running for 2.5)
2025-05-11 22:57:28 [scheduling-1] INFO  c.e.restservice.cache.OrderCache - 🧹 Cleared entire order cache
2025-05-11 22:57:28 [scheduling-1] INFO  c.e.restservice.cache.OrderCache - 🕒 Автоматически очищен кэш заказов по расписанию
2025-05-11 22:58:23 [http-nio-8080-exec-2] INFO  o.a.c.c.C.[Tomcat].[localhost].[/] - Initializing Spring DispatcherServlet 'dispatcherServlet'
2025-05-11 22:58:23 [http-nio-8080-exec-2] INFO  o.s.web.servlet.DispatcherServlet - Initializing Servlet 'dispatcherServlet'
2025-05-11 22:58:23 [http-nio-8080-exec-2] INFO  o.s.web.servlet.DispatcherServlet - Completed initialization in 0 ms
2025-05-11 22:58:23 [http-nio-8080-exec-2] INFO  c.e.restservice.aspect.LoggingAspect - ➡️ Контроллер вызван: List com.example.restservice.controller.OrderController.getOrdersByProductName(String)
2025-05-11 22:58:23 [http-nio-8080-exec-2] INFO  c.e.restservice.aspect.LoggingAspect - Вызов метода: List com.example.restservice.service.OrderService.findOrdersByProductName(String)
2025-05-11 22:58:23 [http-nio-8080-exec-2] INFO  c.e.restservice.cache.OrderCache - 📦 Cached 1 orders for key 'Monitor'
2025-05-11 22:58:23 [http-nio-8080-exec-2] INFO  c.e.restservice.aspect.LoggingAspect - Метод List com.example.restservice.service.OrderService.findOrdersByProductName(String) завершился успешно. Результат: [com.example.restservice.model.Order@5b73f463]
2025-05-11 22:58:23 [http-nio-8080-exec-2] INFO  c.e.restservice.aspect.LoggingAspect - ✅ Контроллер List com.example.restservice.controller.OrderController.getOrdersByProductName(String) успешно отработал. Результат: [com.example.restservice.model.Order@5b73f463]
2025-05-11 22:59:22 [http-nio-8080-exec-3] WARN  o.s.w.s.m.s.DefaultHandlerExceptionResolver - Resolved [org.springframework.web.bind.MissingServletRequestParameterException: Required request parameter 'date' for method parameter type String is not present]
2025-05-11 23:00:42 [http-nio-8080-exec-4] INFO  c.e.restservice.aspect.LoggingAspect - ➡️ Контроллер вызван: ResponseEntity com.example.restservice.controller.LogController.getLogsByDate(String)
2025-05-11 23:00:42 [http-nio-8080-exec-4] INFO  c.e.restservice.aspect.LoggingAspect - ✅ Контроллер ResponseEntity com.example.restservice.controller.LogController.getLogsByDate(String) успешно отработал. Результат: <200 OK OK,2025-05-11 22:52:22 [background-preinit] INFO  o.h.validator.internal.util.Version - HV000001: Hibernate Validator 8.0.1.Final
2025-05-11 22:52:22 [main] INFO  c.e.r.RestserviceApplication - Starting RestserviceApplication using Java 23.0.2 with PID 22479 (/Users/nikitaorekhva/IdeaProjects/WebMagazine2/target/classes started by nikitaorekhva in /Users/nikitaorekhva/IdeaProjects/WebMagazine2)
2025-05-11 22:52:22 [main] INFO  c.e.r.RestserviceApplication - No active profile set, falling back to 1 default profile: "default"
2025-05-11 22:52:22 [main] INFO  o.s.d.r.c.RepositoryConfigurationDelegate - Bootstrapping Spring Data JPA repositories in DEFAULT mode.
2025-05-11 22:52:22 [main] INFO  o.s.d.r.c.RepositoryConfigurationDelegate - Finished Spring Data repository scanning in 16 ms. Found 2 JPA repository interfaces.
2025-05-11 22:52:22 [main] INFO  o.s.b.w.e.tomcat.TomcatWebServer - Tomcat initialized with port 8080 (http)
2025-05-11 22:52:22 [main] INFO  o.a.coyote.http11.Http11NioProtocol - Initializing ProtocolHandler ["http-nio-8080"]
2025-05-11 22:52:22 [main] INFO  o.a.catalina.core.StandardService - Starting service [Tomcat]
2025-05-11 22:52:22 [main] INFO  o.a.catalina.core.StandardEngine - Starting Servlet engine: [Apache Tomcat/10.1.36]
2025-05-11 22:52:22 [main] INFO  o.a.c.c.C.[Tomcat].[localhost].[/] - Initializing Spring embedded WebApplicationContext
2025-05-11 22:52:22 [main] INFO  o.s.b.w.s.c.ServletWebServerApplicationContext - Root WebApplicationContext: initialization completed in 619 ms
2025-05-11 22:52:22 [main] INFO  o.h.jpa.internal.util.LogHelper - HHH000204: Processing PersistenceUnitInfo [name: default]
2025-05-11 22:52:22 [main] INFO  org.hibernate.Version - HHH000412: Hibernate ORM core version 6.6.8.Final
2025-05-11 22:52:22 [main] INFO  o.h.c.i.RegionFactoryInitiator - HHH000026: Second-level cache disabled
2025-05-11 22:52:23 [main] INFO  o.s.o.j.p.SpringPersistenceUnitInfo - No LoadTimeWeaver setup: ignoring JPA class transformer
2025-05-11 22:52:23 [main] INFO  com.zaxxer.hikari.HikariDataSource - HikariPool-1 - Starting...
2025-05-11 22:52:23 [main] INFO  com.zaxxer.hikari.pool.HikariPool - HikariPool-1 - Added connection org.postgresql.jdbc.PgConnection@2558f65c
2025-05-11 22:52:23 [main] INFO  com.zaxxer.hikari.HikariDataSource - HikariPool-1 - Start completed.
2025-05-11 22:52:23 [main] WARN  org.hibernate.orm.deprecation - HHH90000025: PostgreSQLDialect does not need to be specified explicitly using 'hibernate.dialect' (remove the property setting and it will be selected by default)
2025-05-11 22:52:23 [main] INFO  o.hibernate.orm.connections.pooling - HHH10001005: Database info:
2025-05-11 22:52:23 [main] INFO  o.h.e.t.j.p.i.JtaPlatformInitiator - HHH000489: No JTA platform available (set 'hibernate.transaction.jta.platform' to enable JTA platform integration)
2025-05-11 22:52:23 [main] INFO  o.s.o.j.LocalContainerEntityManagerFactoryBean - Initialized JPA EntityManagerFactory for persistence unit 'default'
2025-05-11 22:52:23 [main] INFO  o.s.d.j.r.query.QueryEnhancerFactory - Hibernate is in classpath; If applicable, HQL parser will be used.
2025-05-11 22:52:24 [main] WARN  o.s.b.a.o.j.JpaBaseConfiguration$JpaWebConfiguration - spring.jpa.open-in-view is enabled by default. Therefore, database queries may be performed during view rendering. Explicitly configure spring.jpa.open-in-view to disable this warning
2025-05-11 22:52:24 [main] INFO  o.a.coyote.http11.Http11NioProtocol - Starting ProtocolHandler ["http-nio-8080"]
2025-05-11 22:52:24 [main] INFO  o.s.b.w.e.tomcat.TomcatWebServer - Tomcat started on port 8080 (http) with context path '/'
2025-05-11 22:52:24 [main] INFO  c.e.r.RestserviceApplication - Started RestserviceApplication in 2.49 seconds (process running for 2.629)
2025-05-11 22:52:24 [scheduling-1] INFO  c.e.restservice.cache.OrderCache - 🧹 Cleared entire order cache
2025-05-11 22:52:24 [scheduling-1] INFO  c.e.restservice.cache.OrderCache - 🕒 Автоматически очищен кэш заказов по расписанию
2025-05-11 22:57:22 [SpringApplicationShutdownHook] INFO  o.s.b.w.e.tomcat.GracefulShutdown - Commencing graceful shutdown. Waiting for active requests to complete
2025-05-11 22:57:22 [tomcat-shutdown] INFO  o.s.b.w.e.tomcat.GracefulShutdown - Graceful shutdown complete
2025-05-11 22:57:22 [SpringApplicationShutdownHook] INFO  o.s.o.j.LocalContainerEntityManagerFactoryBean - Closing JPA EntityManagerFactory for persistence unit 'default'
2025-05-11 22:57:22 [SpringApplicationShutdownHook] INFO  com.zaxxer.hikari.HikariDataSource - HikariPool-1 - Shutdown initiated...
2025-05-11 22:57:22 [SpringApplicationShutdownHook] INFO  com.zaxxer.hikari.HikariDataSource - HikariPool-1 - Shutdown completed.
2025-05-11 22:57:26 [background-preinit] INFO  o.h.validator.internal.util.Version - HV000001: Hibernate Validator 8.0.1.Final
2025-05-11 22:57:26 [main] INFO  c.e.r.RestserviceApplication - Starting RestserviceApplication using Java 23.0.2 with PID 22746 (/Users/nikitaorekhva/IdeaProjects/WebMagazine2/target/classes started by nikitaorekhva in /Users/nikitaorekhva/IdeaProjects/WebMagazine2)
2025-05-11 22:57:26 [main] INFO  c.e.r.RestserviceApplication - No active profile set, falling back to 1 default profile: "default"
2025-05-11 22:57:26 [main] INFO  o.s.d.r.c.RepositoryConfigurationDelegate - Bootstrapping Spring Data JPA repositories in DEFAULT mode.
2025-05-11 22:57:26 [main] INFO  o.s.d.r.c.RepositoryConfigurationDelegate - Finished Spring Data repository scanning in 17 ms. Found 2 JPA repository interfaces.
2025-05-11 22:57:27 [main] INFO  o.s.b.w.e.tomcat.TomcatWebServer - Tomcat initialized with port 8080 (http)
2025-05-11 22:57:27 [main] INFO  o.a.coyote.http11.Http11NioProtocol - Initializing ProtocolHandler ["http-nio-8080"]
2025-05-11 22:57:27 [main] INFO  o.a.catalina.core.StandardService - Starting service [Tomcat]
2025-05-11 22:57:27 [main] INFO  o.a.catalina.core.StandardEngine - Starting Servlet engine: [Apache Tomcat/10.1.36]
2025-05-11 22:57:27 [main] INFO  o.a.c.c.C.[Tomcat].[localhost].[/] - Initializing Spring embedded WebApplicationContext
2025-05-11 22:57:27 [main] INFO  o.s.b.w.s.c.ServletWebServerApplicationContext - Root WebApplicationContext: initialization completed in 586 ms
2025-05-11 22:57:27 [main] INFO  o.h.jpa.internal.util.LogHelper - HHH000204: Processing PersistenceUnitInfo [name: default]
2025-05-11 22:57:27 [main] INFO  org.hibernate.Version - HHH000412: Hibernate ORM core version 6.6.8.Final
2025-05-11 22:57:27 [main] INFO  o.h.c.i.RegionFactoryInitiator - HHH000026: Second-level cache disabled
2025-05-11 22:57:27 [main] INFO  o.s.o.j.p.SpringPersistenceUnitInfo - No LoadTimeWeaver setup: ignoring JPA class transformer
2025-05-11 22:57:27 [main] INFO  com.zaxxer.hikari.HikariDataSource - HikariPool-1 - Starting...
2025-05-11 22:57:27 [main] INFO  com.zaxxer.hikari.pool.HikariPool - HikariPool-1 - Added connection org.postgresql.jdbc.PgConnection@4a4ff5ed
2025-05-11 22:57:27 [main] INFO  com.zaxxer.hikari.HikariDataSource - HikariPool-1 - Start completed.
2025-05-11 22:57:27 [main] WARN  org.hibernate.orm.deprecation - HHH90000025: PostgreSQLDialect does not need to be specified explicitly using 'hibernate.dialect' (remove the property setting and it will be selected by default)
2025-05-11 22:57:27 [main] INFO  o.hibernate.orm.connections.pooling - HHH10001005: Database info:
2025-05-11 22:57:27 [main] INFO  o.h.e.t.j.p.i.JtaPlatformInitiator - HHH000489: No JTA platform available (set 'hibernate.transaction.jta.platform' to enable JTA platform integration)
2025-05-11 22:57:27 [main] INFO  o.s.o.j.LocalContainerEntityManagerFactoryBean - Initialized JPA EntityManagerFactory for persistence unit 'default'
2025-05-11 22:57:27 [main] INFO  o.s.d.j.r.query.QueryEnhancerFactory - Hibernate is in classpath; If applicable, HQL parser will be used.
2025-05-11 22:57:28 [main] WARN  o.s.b.a.o.j.JpaBaseConfiguration$JpaWebConfiguration - spring.jpa.open-in-view is enabled by default. Therefore, database queries may be performed during view rendering. Explicitly configure spring.jpa.open-in-view to disable this warning
2025-05-11 22:57:28 [main] INFO  o.a.coyote.http11.Http11NioProtocol - Starting ProtocolHandler ["http-nio-8080"]
2025-05-11 22:57:28 [main] INFO  o.s.b.w.e.tomcat.TomcatWebServer - Tomcat started on port 8080 (http) with context path '/'
2025-05-11 22:57:28 [main] INFO  c.e.r.RestserviceApplication - Started RestserviceApplication in 2.367 seconds (process running for 2.5)
2025-05-11 22:57:28 [scheduling-1] INFO  c.e.restservice.cache.OrderCache - 🧹 Cleared entire order cache
2025-05-11 22:57:28 [scheduling-1] INFO  c.e.restservice.cache.OrderCache - 🕒 Автоматически очищен кэш заказов по расписанию
2025-05-11 22:58:23 [http-nio-8080-exec-2] INFO  o.a.c.c.C.[Tomcat].[localhost].[/] - Initializing Spring DispatcherServlet 'dispatcherServlet'
2025-05-11 22:58:23 [http-nio-8080-exec-2] INFO  o.s.web.servlet.DispatcherServlet - Initializing Servlet 'dispatcherServlet'
2025-05-11 22:58:23 [http-nio-8080-exec-2] INFO  o.s.web.servlet.DispatcherServlet - Completed initialization in 0 ms
2025-05-11 22:58:23 [http-nio-8080-exec-2] INFO  c.e.restservice.aspect.LoggingAspect - ➡️ Контроллер вызван: List com.example.restservice.controller.OrderController.getOrdersByProductName(String)
2025-05-11 22:58:23 [http-nio-8080-exec-2] INFO  c.e.restservice.aspect.LoggingAspect - Вызов метода: List com.example.restservice.service.OrderService.findOrdersByProductName(String)
2025-05-11 22:58:23 [http-nio-8080-exec-2] INFO  c.e.restservice.cache.OrderCache - 📦 Cached 1 orders for key 'Monitor'
2025-05-11 22:58:23 [http-nio-8080-exec-2] INFO  c.e.restservice.aspect.LoggingAspect - Метод List com.example.restservice.service.OrderService.findOrdersByProductName(String) завершился успешно. Результат: [com.example.restservice.model.Order@5b73f463]
2025-05-11 22:58:23 [http-nio-8080-exec-2] INFO  c.e.restservice.aspect.LoggingAspect - ✅ Контроллер List com.example.restservice.controller.OrderController.getOrdersByProductName(String) успешно отработал. Результат: [com.example.restservice.model.Order@5b73f463]
2025-05-11 22:59:22 [http-nio-8080-exec-3] WARN  o.s.w.s.m.s.DefaultHandlerExceptionResolver - Resolved [org.springframework.web.bind.MissingServletRequestParameterException: Required request parameter 'date' for method parameter type String is not present]
2025-05-11 23:00:42 [http-nio-8080-exec-4] INFO  c.e.restservice.aspect.LoggingAspect - ➡️ Контроллер вызван: ResponseEntity com.example.restservice.controller.LogController.getLogsByDate(String),[Content-Disposition:"inline; filename=log-2025-05-11.txt", Content-Type:"text/plain"]>
2025-05-11 23:00:48 [http-nio-8080-exec-6] INFO  c.e.restservice.aspect.LoggingAspect - ➡️ Контроллер вызван: ResponseEntity com.example.restservice.controller.LogController.getLogsByDate(String)
2025-05-11 23:00:48 [http-nio-8080-exec-6] INFO  c.e.restservice.aspect.LoggingAspect - ✅ Контроллер ResponseEntity com.example.restservice.controller.LogController.getLogsByDate(String) успешно отработал. Результат: <404 NOT_FOUND Not Found,Логи за дату 2025-05-10 не найдены.,[]>
2025-05-11 23:00:52 [http-nio-8080-exec-7] INFO  c.e.restservice.aspect.LoggingAspect - ➡️ Контроллер вызван: ResponseEntity com.example.restservice.controller.LogController.getLogsByDate(String)
2025-05-11 23:00:52 [http-nio-8080-exec-7] INFO  c.e.restservice.aspect.LoggingAspect - ✅ Контроллер ResponseEntity com.example.restservice.controller.LogController.getLogsByDate(String) успешно отработал. Результат: <404 NOT_FOUND Not Found,Логи за дату 2025-05-12 не найдены.,[]>
2025-05-11 23:00:54 [http-nio-8080-exec-8] INFO  c.e.restservice.aspect.LoggingAspect - ➡️ Контроллер вызван: ResponseEntity com.example.restservice.controller.LogController.getLogsByDate(String)
2025-05-11 23:00:54 [http-nio-8080-exec-8] INFO  c.e.restservice.aspect.LoggingAspect - ✅ Контроллер ResponseEntity com.example.restservice.controller.LogController.getLogsByDate(String) успешно отработал. Результат: <200 OK OK,2025-05-11 22:52:22 [background-preinit] INFO  o.h.validator.internal.util.Version - HV000001: Hibernate Validator 8.0.1.Final
2025-05-11 22:52:22 [main] INFO  c.e.r.RestserviceApplication - Starting RestserviceApplication using Java 23.0.2 with PID 22479 (/Users/nikitaorekhva/IdeaProjects/WebMagazine2/target/classes started by nikitaorekhva in /Users/nikitaorekhva/IdeaProjects/WebMagazine2)
2025-05-11 22:52:22 [main] INFO  c.e.r.RestserviceApplication - No active profile set, falling back to 1 default profile: "default"
2025-05-11 22:52:22 [main] INFO  o.s.d.r.c.RepositoryConfigurationDelegate - Bootstrapping Spring Data JPA repositories in DEFAULT mode.
2025-05-11 22:52:22 [main] INFO  o.s.d.r.c.RepositoryConfigurationDelegate - Finished Spring Data repository scanning in 16 ms. Found 2 JPA repository interfaces.
2025-05-11 22:52:22 [main] INFO  o.s.b.w.e.tomcat.TomcatWebServer - Tomcat initialized with port 8080 (http)
2025-05-11 22:52:22 [main] INFO  o.a.coyote.http11.Http11NioProtocol - Initializing ProtocolHandler ["http-nio-8080"]
2025-05-11 22:52:22 [main] INFO  o.a.catalina.core.StandardService - Starting service [Tomcat]
2025-05-11 22:52:22 [main] INFO  o.a.catalina.core.StandardEngine - Starting Servlet engine: [Apache Tomcat/10.1.36]
2025-05-11 22:52:22 [main] INFO  o.a.c.c.C.[Tomcat].[localhost].[/] - Initializing Spring embedded WebApplicationContext
2025-05-11 22:52:22 [main] INFO  o.s.b.w.s.c.ServletWebServerApplicationContext - Root WebApplicationContext: initialization completed in 619 ms
2025-05-11 22:52:22 [main] INFO  o.h.jpa.internal.util.LogHelper - HHH000204: Processing PersistenceUnitInfo [name: default]
2025-05-11 22:52:22 [main] INFO  org.hibernate.Version - HHH000412: Hibernate ORM core version 6.6.8.Final
2025-05-11 22:52:22 [main] INFO  o.h.c.i.RegionFactoryInitiator - HHH000026: Second-level cache disabled
2025-05-11 22:52:23 [main] INFO  o.s.o.j.p.SpringPersistenceUnitInfo - No LoadTimeWeaver setup: ignoring JPA class transformer
2025-05-11 22:52:23 [main] INFO  com.zaxxer.hikari.HikariDataSource - HikariPool-1 - Starting...
2025-05-11 22:52:23 [main] INFO  com.zaxxer.hikari.pool.HikariPool - HikariPool-1 - Added connection org.postgresql.jdbc.PgConnection@2558f65c
2025-05-11 22:52:23 [main] INFO  com.zaxxer.hikari.HikariDataSource - HikariPool-1 - Start completed.
2025-05-11 22:52:23 [main] WARN  org.hibernate.orm.deprecation - HHH90000025: PostgreSQLDialect does not need to be specified explicitly using 'hibernate.dialect' (remove the property setting and it will be selected by default)
2025-05-11 22:52:23 [main] INFO  o.hibernate.orm.connections.pooling - HHH10001005: Database info:
2025-05-11 22:52:23 [main] INFO  o.h.e.t.j.p.i.JtaPlatformInitiator - HHH000489: No JTA platform available (set 'hibernate.transaction.jta.platform' to enable JTA platform integration)
2025-05-11 22:52:23 [main] INFO  o.s.o.j.LocalContainerEntityManagerFactoryBean - Initialized JPA EntityManagerFactory for persistence unit 'default'
2025-05-11 22:52:23 [main] INFO  o.s.d.j.r.query.QueryEnhancerFactory - Hibernate is in classpath; If applicable, HQL parser will be used.
2025-05-11 22:52:24 [main] WARN  o.s.b.a.o.j.JpaBaseConfiguration$JpaWebConfiguration - spring.jpa.open-in-view is enabled by default. Therefore, database queries may be performed during view rendering. Explicitly configure spring.jpa.open-in-view to disable this warning
2025-05-11 22:52:24 [main] INFO  o.a.coyote.http11.Http11NioProtocol - Starting ProtocolHandler ["http-nio-8080"]
2025-05-11 22:52:24 [main] INFO  o.s.b.w.e.tomcat.TomcatWebServer - Tomcat started on port 8080 (http) with context path '/'
2025-05-11 22:52:24 [main] INFO  c.e.r.RestserviceApplication - Started RestserviceApplication in 2.49 seconds (process running for 2.629)
2025-05-11 22:52:24 [scheduling-1] INFO  c.e.restservice.cache.OrderCache - 🧹 Cleared entire order cache
2025-05-11 22:52:24 [scheduling-1] INFO  c.e.restservice.cache.OrderCache - 🕒 Автоматически очищен кэш заказов по расписанию
2025-05-11 22:57:22 [SpringApplicationShutdownHook] INFO  o.s.b.w.e.tomcat.GracefulShutdown - Commencing graceful shutdown. Waiting for active requests to complete
2025-05-11 22:57:22 [tomcat-shutdown] INFO  o.s.b.w.e.tomcat.GracefulShutdown - Graceful shutdown complete
2025-05-11 22:57:22 [SpringApplicationShutdownHook] INFO  o.s.o.j.LocalContainerEntityManagerFactoryBean - Closing JPA EntityManagerFactory for persistence unit 'default'
2025-05-11 22:57:22 [SpringApplicationShutdownHook] INFO  com.zaxxer.hikari.HikariDataSource - HikariPool-1 - Shutdown initiated...
2025-05-11 22:57:22 [SpringApplicationShutdownHook] INFO  com.zaxxer.hikari.HikariDataSource - HikariPool-1 - Shutdown completed.
2025-05-11 22:57:26 [background-preinit] INFO  o.h.validator.internal.util.Version - HV000001: Hibernate Validator 8.0.1.Final
2025-05-11 22:57:26 [main] INFO  c.e.r.RestserviceApplication - Starting RestserviceApplication using Java 23.0.2 with PID 22746 (/Users/nikitaorekhva/IdeaProjects/WebMagazine2/target/classes started by nikitaorekhva in /Users/nikitaorekhva/IdeaProjects/WebMagazine2)
2025-05-11 22:57:26 [main] INFO  c.e.r.RestserviceApplication - No active profile set, falling back to 1 default profile: "default"
2025-05-11 22:57:26 [main] INFO  o.s.d.r.c.RepositoryConfigurationDelegate - Bootstrapping Spring Data JPA repositories in DEFAULT mode.
2025-05-11 22:57:26 [main] INFO  o.s.d.r.c.RepositoryConfigurationDelegate - Finished Spring Data repository scanning in 17 ms. Found 2 JPA repository interfaces.
2025-05-11 22:57:27 [main] INFO  o.s.b.w.e.tomcat.TomcatWebServer - Tomcat initialized with port 8080 (http)
2025-05-11 22:57:27 [main] INFO  o.a.coyote.http11.Http11NioProtocol - Initializing ProtocolHandler ["http-nio-8080"]
2025-05-11 22:57:27 [main] INFO  o.a.catalina.core.StandardService - Starting service [Tomcat]
2025-05-11 22:57:27 [main] INFO  o.a.catalina.core.StandardEngine - Starting Servlet engine: [Apache Tomcat/10.1.36]
2025-05-11 22:57:27 [main] INFO  o.a.c.c.C.[Tomcat].[localhost].[/] - Initializing Spring embedded WebApplicationContext
2025-05-11 22:57:27 [main] INFO  o.s.b.w.s.c.ServletWebServerApplicationContext - Root WebApplicationContext: initialization completed in 586 ms
2025-05-11 22:57:27 [main] INFO  o.h.jpa.internal.util.LogHelper - HHH000204: Processing PersistenceUnitInfo [name: default]
2025-05-11 22:57:27 [main] INFO  org.hibernate.Version - HHH000412: Hibernate ORM core version 6.6.8.Final
2025-05-11 22:57:27 [main] INFO  o.h.c.i.RegionFactoryInitiator - HHH000026: Second-level cache disabled
2025-05-11 22:57:27 [main] INFO  o.s.o.j.p.SpringPersistenceUnitInfo - No LoadTimeWeaver setup: ignoring JPA class transformer
2025-05-11 22:57:27 [main] INFO  com.zaxxer.hikari.HikariDataSource - HikariPool-1 - Starting...
2025-05-11 22:57:27 [main] INFO  com.zaxxer.hikari.pool.HikariPool - HikariPool-1 - Added connection org.postgresql.jdbc.PgConnection@4a4ff5ed
2025-05-11 22:57:27 [main] INFO  com.zaxxer.hikari.HikariDataSource - HikariPool-1 - Start completed.
2025-05-11 22:57:27 [main] WARN  org.hibernate.orm.deprecation - HHH90000025: PostgreSQLDialect does not need to be specified explicitly using 'hibernate.dialect' (remove the property setting and it will be selected by default)
2025-05-11 22:57:27 [main] INFO  o.hibernate.orm.connections.pooling - HHH10001005: Database info:
2025-05-11 22:57:27 [main] INFO  o.h.e.t.j.p.i.JtaPlatformInitiator - HHH000489: No JTA platform available (set 'hibernate.transaction.jta.platform' to enable JTA platform integration)
2025-05-11 22:57:27 [main] INFO  o.s.o.j.LocalContainerEntityManagerFactoryBean - Initialized JPA EntityManagerFactory for persistence unit 'default'
2025-05-11 22:57:27 [main] INFO  o.s.d.j.r.query.QueryEnhancerFactory - Hibernate is in classpath; If applicable, HQL parser will be used.
2025-05-11 22:57:28 [main] WARN  o.s.b.a.o.j.JpaBaseConfiguration$JpaWebConfiguration - spring.jpa.open-in-view is enabled by default. Therefore, database queries may be performed during view rendering. Explicitly configure spring.jpa.open-in-view to disable this warning
2025-05-11 22:57:28 [main] INFO  o.a.coyote.http11.Http11NioProtocol - Starting ProtocolHandler ["http-nio-8080"]
2025-05-11 22:57:28 [main] INFO  o.s.b.w.e.tomcat.TomcatWebServer - Tomcat started on port 8080 (http) with context path '/'
2025-05-11 22:57:28 [main] INFO  c.e.r.RestserviceApplication - Started RestserviceApplication in 2.367 seconds (process running for 2.5)
2025-05-11 22:57:28 [scheduling-1] INFO  c.e.restservice.cache.OrderCache - 🧹 Cleared entire order cache
2025-05-11 22:57:28 [scheduling-1] INFO  c.e.restservice.cache.OrderCache - 🕒 Автоматически очищен кэш заказов по расписанию
2025-05-11 22:58:23 [http-nio-8080-exec-2] INFO  o.a.c.c.C.[Tomcat].[localhost].[/] - Initializing Spring DispatcherServlet 'dispatcherServlet'
2025-05-11 22:58:23 [http-nio-8080-exec-2] INFO  o.s.web.servlet.DispatcherServlet - Initializing Servlet 'dispatcherServlet'
2025-05-11 22:58:23 [http-nio-8080-exec-2] INFO  o.s.web.servlet.DispatcherServlet - Completed initialization in 0 ms
2025-05-11 22:58:23 [http-nio-8080-exec-2] INFO  c.e.restservice.aspect.LoggingAspect - ➡️ Контроллер вызван: List com.example.restservice.controller.OrderController.getOrdersByProductName(String)
2025-05-11 22:58:23 [http-nio-8080-exec-2] INFO  c.e.restservice.aspect.LoggingAspect - Вызов метода: List com.example.restservice.service.OrderService.findOrdersByProductName(String)
2025-05-11 22:58:23 [http-nio-8080-exec-2] INFO  c.e.restservice.cache.OrderCache - 📦 Cached 1 orders for key 'Monitor'
2025-05-11 22:58:23 [http-nio-8080-exec-2] INFO  c.e.restservice.aspect.LoggingAspect - Метод List com.example.restservice.service.OrderService.findOrdersByProductName(String) завершился успешно. Результат: [com.example.restservice.model.Order@5b73f463]
2025-05-11 22:58:23 [http-nio-8080-exec-2] INFO  c.e.restservice.aspect.LoggingAspect - ✅ Контроллер List com.example.restservice.controller.OrderController.getOrdersByProductName(String) успешно отработал. Результат: [com.example.restservice.model.Order@5b73f463]
2025-05-11 22:59:22 [http-nio-8080-exec-3] WARN  o.s.w.s.m.s.DefaultHandlerExceptionResolver - Resolved [org.springframework.web.bind.MissingServletRequestParameterException: Required request parameter 'date' for method parameter type String is not present]
2025-05-11 23:00:42 [http-nio-8080-exec-4] INFO  c.e.restservice.aspect.LoggingAspect - ➡️ Контроллер вызван: ResponseEntity com.example.restservice.controller.LogController.getLogsByDate(String)
2025-05-11 23:00:42 [http-nio-8080-exec-4] INFO  c.e.restservice.aspect.LoggingAspect - ✅ Контроллер ResponseEntity com.example.restservice.controller.LogController.getLogsByDate(String) успешно отработал. Результат: <200 OK OK,2025-05-11 22:52:22 [background-preinit] INFO  o.h.validator.internal.util.Version - HV000001: Hibernate Validator 8.0.1.Final
2025-05-11 22:52:22 [main] INFO  c.e.r.RestserviceApplication - Starting RestserviceApplication using Java 23.0.2 with PID 22479 (/Users/nikitaorekhva/IdeaProjects/WebMagazine2/target/classes started by nikitaorekhva in /Users/nikitaorekhva/IdeaProjects/WebMagazine2)
2025-05-11 22:52:22 [main] INFO  c.e.r.RestserviceApplication - No active profile set, falling back to 1 default profile: "default"
2025-05-11 22:52:22 [main] INFO  o.s.d.r.c.RepositoryConfigurationDelegate - Bootstrapping Spring Data JPA repositories in DEFAULT mode.
2025-05-11 22:52:22 [main] INFO  o.s.d.r.c.RepositoryConfigurationDelegate - Finished Spring Data repository scanning in 16 ms. Found 2 JPA repository interfaces.
2025-05-11 22:52:22 [main] INFO  o.s.b.w.e.tomcat.TomcatWebServer - Tomcat initialized with port 8080 (http)
2025-05-11 22:52:22 [main] INFO  o.a.coyote.http11.Http11NioProtocol - Initializing ProtocolHandler ["http-nio-8080"]
2025-05-11 22:52:22 [main] INFO  o.a.catalina.core.StandardService - Starting service [Tomcat]
2025-05-11 22:52:22 [main] INFO  o.a.catalina.core.StandardEngine - Starting Servlet engine: [Apache Tomcat/10.1.36]
2025-05-11 22:52:22 [main] INFO  o.a.c.c.C.[Tomcat].[localhost].[/] - Initializing Spring embedded WebApplicationContext
2025-05-11 22:52:22 [main] INFO  o.s.b.w.s.c.ServletWebServerApplicationContext - Root WebApplicationContext: initialization completed in 619 ms
2025-05-11 22:52:22 [main] INFO  o.h.jpa.internal.util.LogHelper - HHH000204: Processing PersistenceUnitInfo [name: default]
2025-05-11 22:52:22 [main] INFO  org.hibernate.Version - HHH000412: Hibernate ORM core version 6.6.8.Final
2025-05-11 22:52:22 [main] INFO  o.h.c.i.RegionFactoryInitiator - HHH000026: Second-level cache disabled
2025-05-11 22:52:23 [main] INFO  o.s.o.j.p.SpringPersistenceUnitInfo - No LoadTimeWeaver setup: ignoring JPA class transformer
2025-05-11 22:52:23 [main] INFO  com.zaxxer.hikari.HikariDataSource - HikariPool-1 - Starting...
2025-05-11 22:52:23 [main] INFO  com.zaxxer.hikari.pool.HikariPool - HikariPool-1 - Added connection org.postgresql.jdbc.PgConnection@2558f65c
2025-05-11 22:52:23 [main] INFO  com.zaxxer.hikari.HikariDataSource - HikariPool-1 - Start completed.
2025-05-11 22:52:23 [main] WARN  org.hibernate.orm.deprecation - HHH90000025: PostgreSQLDialect does not need to be specified explicitly using 'hibernate.dialect' (remove the property setting and it will be selected by default)
2025-05-11 22:52:23 [main] INFO  o.hibernate.orm.connections.pooling - HHH10001005: Database info:
2025-05-11 22:52:23 [main] INFO  o.h.e.t.j.p.i.JtaPlatformInitiator - HHH000489: No JTA platform available (set 'hibernate.transaction.jta.platform' to enable JTA platform integration)
2025-05-11 22:52:23 [main] INFO  o.s.o.j.LocalContainerEntityManagerFactoryBean - Initialized JPA EntityManagerFactory for persistence unit 'default'
2025-05-11 22:52:23 [main] INFO  o.s.d.j.r.query.QueryEnhancerFactory - Hibernate is in classpath; If applicable, HQL parser will be used.
2025-05-11 22:52:24 [main] WARN  o.s.b.a.o.j.JpaBaseConfiguration$JpaWebConfiguration - spring.jpa.open-in-view is enabled by default. Therefore, database queries may be performed during view rendering. Explicitly configure spring.jpa.open-in-view to disable this warning
2025-05-11 22:52:24 [main] INFO  o.a.coyote.http11.Http11NioProtocol - Starting ProtocolHandler ["http-nio-8080"]
2025-05-11 22:52:24 [main] INFO  o.s.b.w.e.tomcat.TomcatWebServer - Tomcat started on port 8080 (http) with context path '/'
2025-05-11 22:52:24 [main] INFO  c.e.r.RestserviceApplication - Started RestserviceApplication in 2.49 seconds (process running for 2.629)
2025-05-11 22:52:24 [scheduling-1] INFO  c.e.restservice.cache.OrderCache - 🧹 Cleared entire order cache
2025-05-11 22:52:24 [scheduling-1] INFO  c.e.restservice.cache.OrderCache - 🕒 Автоматически очищен кэш заказов по расписанию
2025-05-11 22:57:22 [SpringApplicationShutdownHook] INFO  o.s.b.w.e.tomcat.GracefulShutdown - Commencing graceful shutdown. Waiting for active requests to complete
2025-05-11 22:57:22 [tomcat-shutdown] INFO  o.s.b.w.e.tomcat.GracefulShutdown - Graceful shutdown complete
2025-05-11 22:57:22 [SpringApplicationShutdownHook] INFO  o.s.o.j.LocalContainerEntityManagerFactoryBean - Closing JPA EntityManagerFactory for persistence unit 'default'
2025-05-11 22:57:22 [SpringApplicationShutdownHook] INFO  com.zaxxer.hikari.HikariDataSource - HikariPool-1 - Shutdown initiated...
2025-05-11 22:57:22 [SpringApplicationShutdownHook] INFO  com.zaxxer.hikari.HikariDataSource - HikariPool-1 - Shutdown completed.
2025-05-11 22:57:26 [background-preinit] INFO  o.h.validator.internal.util.Version - HV000001: Hibernate Validator 8.0.1.Final
2025-05-11 22:57:26 [main] INFO  c.e.r.RestserviceApplication - Starting RestserviceApplication using Java 23.0.2 with PID 22746 (/Users/nikitaorekhva/IdeaProjects/WebMagazine2/target/classes started by nikitaorekhva in /Users/nikitaorekhva/IdeaProjects/WebMagazine2)
2025-05-11 22:57:26 [main] INFO  c.e.r.RestserviceApplication - No active profile set, falling back to 1 default profile: "default"
2025-05-11 22:57:26 [main] INFO  o.s.d.r.c.RepositoryConfigurationDelegate - Bootstrapping Spring Data JPA repositories in DEFAULT mode.
2025-05-11 22:57:26 [main] INFO  o.s.d.r.c.RepositoryConfigurationDelegate - Finished Spring Data repository scanning in 17 ms. Found 2 JPA repository interfaces.
2025-05-11 22:57:27 [main] INFO  o.s.b.w.e.tomcat.TomcatWebServer - Tomcat initialized with port 8080 (http)
2025-05-11 22:57:27 [main] INFO  o.a.coyote.http11.Http11NioProtocol - Initializing ProtocolHandler ["http-nio-8080"]
2025-05-11 22:57:27 [main] INFO  o.a.catalina.core.StandardService - Starting service [Tomcat]
2025-05-11 22:57:27 [main] INFO  o.a.catalina.core.StandardEngine - Starting Servlet engine: [Apache Tomcat/10.1.36]
2025-05-11 22:57:27 [main] INFO  o.a.c.c.C.[Tomcat].[localhost].[/] - Initializing Spring embedded WebApplicationContext
2025-05-11 22:57:27 [main] INFO  o.s.b.w.s.c.ServletWebServerApplicationContext - Root WebApplicationContext: initialization completed in 586 ms
2025-05-11 22:57:27 [main] INFO  o.h.jpa.internal.util.LogHelper - HHH000204: Processing PersistenceUnitInfo [name: default]
2025-05-11 22:57:27 [main] INFO  org.hibernate.Version - HHH000412: Hibernate ORM core version 6.6.8.Final
2025-05-11 22:57:27 [main] INFO  o.h.c.i.RegionFactoryInitiator - HHH000026: Second-level cache disabled
2025-05-11 22:57:27 [main] INFO  o.s.o.j.p.SpringPersistenceUnitInfo - No LoadTimeWeaver setup: ignoring JPA class transformer
2025-05-11 22:57:27 [main] INFO  com.zaxxer.hikari.HikariDataSource - HikariPool-1 - Starting...
2025-05-11 22:57:27 [main] INFO  com.zaxxer.hikari.pool.HikariPool - HikariPool-1 - Added connection org.postgresql.jdbc.PgConnection@4a4ff5ed
2025-05-11 22:57:27 [main] INFO  com.zaxxer.hikari.HikariDataSource - HikariPool-1 - Start completed.
2025-05-11 22:57:27 [main] WARN  org.hibernate.orm.deprecation - HHH90000025: PostgreSQLDialect does not need to be specified explicitly using 'hibernate.dialect' (remove the property setting and it will be selected by default)
2025-05-11 22:57:27 [main] INFO  o.hibernate.orm.connections.pooling - HHH10001005: Database info:
2025-05-11 22:57:27 [main] INFO  o.h.e.t.j.p.i.JtaPlatformInitiator - HHH000489: No JTA platform available (set 'hibernate.transaction.jta.platform' to enable JTA platform integration)
2025-05-11 22:57:27 [main] INFO  o.s.o.j.LocalContainerEntityManagerFactoryBean - Initialized JPA EntityManagerFactory for persistence unit 'default'
2025-05-11 22:57:27 [main] INFO  o.s.d.j.r.query.QueryEnhancerFactory - Hibernate is in classpath; If applicable, HQL parser will be used.
2025-05-11 22:57:28 [main] WARN  o.s.b.a.o.j.JpaBaseConfiguration$JpaWebConfiguration - spring.jpa.open-in-view is enabled by default. Therefore, database queries may be performed during view rendering. Explicitly configure spring.jpa.open-in-view to disable this warning
2025-05-11 22:57:28 [main] INFO  o.a.coyote.http11.Http11NioProtocol - Starting ProtocolHandler ["http-nio-8080"]
2025-05-11 22:57:28 [main] INFO  o.s.b.w.e.tomcat.TomcatWebServer - Tomcat started on port 8080 (http) with context path '/'
2025-05-11 22:57:28 [main] INFO  c.e.r.RestserviceApplication - Started RestserviceApplication in 2.367 seconds (process running for 2.5)
2025-05-11 22:57:28 [scheduling-1] INFO  c.e.restservice.cache.OrderCache - 🧹 Cleared entire order cache
2025-05-11 22:57:28 [scheduling-1] INFO  c.e.restservice.cache.OrderCache - 🕒 Автоматически очищен кэш заказов по расписанию
2025-05-11 22:58:23 [http-nio-8080-exec-2] INFO  o.a.c.c.C.[Tomcat].[localhost].[/] - Initializing Spring DispatcherServlet 'dispatcherServlet'
2025-05-11 22:58:23 [http-nio-8080-exec-2] INFO  o.s.web.servlet.DispatcherServlet - Initializing Servlet 'dispatcherServlet'
2025-05-11 22:58:23 [http-nio-8080-exec-2] INFO  o.s.web.servlet.DispatcherServlet - Completed initialization in 0 ms
2025-05-11 22:58:23 [http-nio-8080-exec-2] INFO  c.e.restservice.aspect.LoggingAspect - ➡️ Контроллер вызван: List com.example.restservice.controller.OrderController.getOrdersByProductName(String)
2025-05-11 22:58:23 [http-nio-8080-exec-2] INFO  c.e.restservice.aspect.LoggingAspect - Вызов метода: List com.example.restservice.service.OrderService.findOrdersByProductName(String)
2025-05-11 22:58:23 [http-nio-8080-exec-2] INFO  c.e.restservice.cache.OrderCache - 📦 Cached 1 orders for key 'Monitor'
2025-05-11 22:58:23 [http-nio-8080-exec-2] INFO  c.e.restservice.aspect.LoggingAspect - Метод List com.example.restservice.service.OrderService.findOrdersByProductName(String) завершился успешно. Результат: [com.example.restservice.model.Order@5b73f463]
2025-05-11 22:58:23 [http-nio-8080-exec-2] INFO  c.e.restservice.aspect.LoggingAspect - ✅ Контроллер List com.example.restservice.controller.OrderController.getOrdersByProductName(String) успешно отработал. Результат: [com.example.restservice.model.Order@5b73f463]
2025-05-11 22:59:22 [http-nio-8080-exec-3] WARN  o.s.w.s.m.s.DefaultHandlerExceptionResolver - Resolved [org.springframework.web.bind.MissingServletRequestParameterException: Required request parameter 'date' for method parameter type String is not present]
2025-05-11 23:00:42 [http-nio-8080-exec-4] INFO  c.e.restservice.aspect.LoggingAspect - ➡️ Контроллер вызван: ResponseEntity com.example.restservice.controller.LogController.getLogsByDate(String),[Content-Disposition:"inline; filename=log-2025-05-11.txt", Content-Type:"text/plain"]>
2025-05-11 23:00:48 [http-nio-8080-exec-6] INFO  c.e.restservice.aspect.LoggingAspect - ➡️ Контроллер вызван: ResponseEntity com.example.restservice.controller.LogController.getLogsByDate(String)
2025-05-11 23:00:48 [http-nio-8080-exec-6] INFO  c.e.restservice.aspect.LoggingAspect - ✅ Контроллер ResponseEntity com.example.restservice.controller.LogController.getLogsByDate(String) успешно отработал. Результат: <404 NOT_FOUND Not Found,Логи за дату 2025-05-10 не найдены.,[]>
2025-05-11 23:00:52 [http-nio-8080-exec-7] INFO  c.e.restservice.aspect.LoggingAspect - ➡️ Контроллер вызван: ResponseEntity com.example.restservice.controller.LogController.getLogsByDate(String)
2025-05-11 23:00:52 [http-nio-8080-exec-7] INFO  c.e.restservice.aspect.LoggingAspect - ✅ Контроллер ResponseEntity com.example.restservice.controller.LogController.getLogsByDate(String) успешно отработал. Результат: <404 NOT_FOUND Not Found,Логи за дату 2025-05-12 не найдены.,[]>
2025-05-11 23:00:54 [http-nio-8080-exec-8] INFO  c.e.restservice.aspect.LoggingAspect - ➡️ Контроллер вызван: ResponseEntity com.example.restservice.controller.LogController.getLogsByDate(String),[Content-Disposition:"inline; filename=log-2025-05-11.txt", Content-Type:"text/plain"]>
2025-05-11 23:21:33 [HikariPool-1 housekeeper] WARN  com.zaxxer.hikari.pool.HikariPool - HikariPool-1 - Thread starvation or clock leap detected (housekeeper delta=9m35s540ms).
2025-05-11 23:37:27 [HikariPool-1 housekeeper] WARN  com.zaxxer.hikari.pool.HikariPool - HikariPool-1 - Thread starvation or clock leap detected (housekeeper delta=15m54s880ms).
2025-05-11 23:38:47 [HikariPool-1 housekeeper] WARN  com.zaxxer.hikari.pool.HikariPool - HikariPool-1 - Thread starvation or clock leap detected (housekeeper delta=1m19s782ms).
2025-05-11 23:40:32 [HikariPool-1 housekeeper] WARN  com.zaxxer.hikari.pool.HikariPool - HikariPool-1 - Thread starvation or clock leap detected (housekeeper delta=1m44s643ms).
2025-05-11 23:42:20 [HikariPool-1 housekeeper] WARN  com.zaxxer.hikari.pool.HikariPool - HikariPool-1 - Thread starvation or clock leap detected (housekeeper delta=1m48s447ms).
2025-05-11 23:55:21 [scheduling-1] INFO  c.e.restservice.cache.OrderCache - 🧹 Cleared entire order cache
2025-05-11 23:55:21 [scheduling-1] INFO  c.e.restservice.cache.OrderCache - 🕒 Автоматически очищен кэш заказов по расписанию
2025-05-12 00:25:21 [scheduling-1] INFO  c.e.restservice.cache.OrderCache - 🧹 Cleared entire order cache
2025-05-12 00:25:21 [scheduling-1] INFO  c.e.restservice.cache.OrderCache - 🕒 Автоматически очищен кэш заказов по расписанию
2025-05-12 00:55:21 [scheduling-1] INFO  c.e.restservice.cache.OrderCache - 🧹 Cleared entire order cache
2025-05-12 00:55:21 [scheduling-1] INFO  c.e.restservice.cache.OrderCache - 🕒 Автоматически очищен кэш заказов по расписанию
2025-05-12 01:15:04 [SpringApplicationShutdownHook] INFO  o.s.b.w.e.tomcat.GracefulShutdown - Commencing graceful shutdown. Waiting for active requests to complete
2025-05-12 01:15:04 [tomcat-shutdown] INFO  o.s.b.w.e.tomcat.GracefulShutdown - Graceful shutdown complete
2025-05-12 01:15:04 [SpringApplicationShutdownHook] INFO  o.s.o.j.LocalContainerEntityManagerFactoryBean - Closing JPA EntityManagerFactory for persistence unit 'default'
2025-05-12 01:15:04 [SpringApplicationShutdownHook] INFO  com.zaxxer.hikari.HikariDataSource - HikariPool-1 - Shutdown initiated...
2025-05-12 01:15:04 [SpringApplicationShutdownHook] INFO  com.zaxxer.hikari.HikariDataSource - HikariPool-1 - Shutdown completed.
